sqlite> select * from movimentazioni where id_transazione = '184292';
            id_transazione = 184292
               cod_negozio = 0100029
               id_carrello = PW220100029000000743
          numero_documento = 535
     numero_documento_orig = 535
            data_documento = 20220223
             ora_documento = 111653
              codice_stato = CLOSED
          codice_movimento = VENDITA
             cod_mitt_dest = 290401
                 id_utente = cassiera
              cod_cassiera = U57767
               cod_vettore =
                 cod_cassa = 01
tipo_applicazione_apertura = B2EMOBILE
    id_postazione_apertura = BED78736-B79F-4EED-AB26-942192B49634
tipo_applicazione_chiusura = POSWEB
    id_postazione_chiusura = 01
                       sid = 0z8kfltr7r104j
                      nota =
                    divisa = EUR
          importo_iniziale = 420
            importo_finale = 420
            importo_pagato =
             esenzione_iva = 0
             cod_documento = SALE_TICKET
            dati_documenti = {"dati_documento": {"stato": "", "cod_fiscale": "", "cognome": "", "nome": "", "data_nascita": "", "stato_nascita": "", "comune_nascita": "", "lotteria": ""}, "flag_no_iva": 0, "flag_stampa_scontrino_cortesia": 0, "shipping_address": {"name": "", "surname": "", "address": "VIA MAZZINI, 30", "city": "Verona", "province": "VR", "county": "", "state": "", "zipcode": "37121", "country": "IT", "reference_name": "Maxima srl - 029", "contact_number": "045/595623", "consumer_info": {"surname": "PASQUALINI", "name": "LOREDANA", "reference_name": "LOREDANA PASQUALINI", "contact_number": "+393477207253", "contact_email": "LOREDANAPASQUALINI@YAHOO.IT"}}, "shipping_destination": "STORE", "numero_documento_stampato": "R002900535", "nome_contatore": "", "valore_contatore": 535, "numero_scontrino": "3", "rif_chiusura": "1658", "rif_matricola": "96MK3003097", "rif_scontrino": "3", "info_stampante": "K3F 12.00.31 18/11/20"}
   numero_stampa_documento = 3
     flag_stampa_documento = 0
           dati_aggiuntivi =
             dettaglio_iva = {"aliquote_d": {"22": {"capi": [{"id_transazione": 184292, "progressivo": 2, "cod_negozio": "0100029", "codice_stato": "CLOSED", "codice_movimento": "VENDITA", "cod_commessa": "U57767", "sku": "47612126060088", "ean": "", "rfid": "", "sku_gruppo": "", "flag_promo": 0, "flag_divisa": 0, "sku_created": 0, "sku_splitted": 0, "sku_read": "47612126060088", "nome": "RAISS", "classe": "76", "iva": 22, "flag_tassabile": 0, "composizione": "F:080PA020EA,F:080PL020EA,T:GOP", "custom_data": "{\"annostag\":\"20221\",\"desc_taglia\":\"38,5\",\"desc_classe\":\"Sneakers\",\"data_consegna_sartoria\":\"\",\"variante\":\"008\",\"nota_lavorazioni\":\"\",\"stock_type\":\"IN_STORE\"}", "nota": "", "prezzo_listino_vendita": 420, "sconto_listino_vendita": 0, "importo_iniziale": 420, "importo_custom": 0, "sconto": 0, "correzione_importo": 0, "importo_finale": 420, "tipo_importo": "V", "tipologia_merce": "GARMENTS", "reso": 0, "causale_reso": "", "data_creazione": "", "data_modifica": "2022-02-23 10:16:53", "dettaglio_mov": [], "prezzo_ricalcolato": 420.0, "imponibile": 344.26, "imposta": 75.74}], "movimenti": [], "num_capi_ricalcolo_vendita": 1, "num_capi_ricalcolo_storno": 0, "costi_contabili_alq": 0, "totale_alq": 420.0, "imponibile": 344.26, "imposta": 75.74}}, "totali_vendita": {"ven_coupon": 0, "ven_abbuono": 0, "ven_costi_extra": 0, "lordo_tessuto": 0, "lordo_capi": 420.0, "tot_costi_extra_detailed": 0, "vendita_sconto": 0, "tot_sartoria": 0, "tot_gift_card": 0, "tot_shopping_bags": 0, "tot_spedizioni": 0, "tot_netto": 420.0, "tot_lordo": 420.0, "tot_sconti_abbuoni": 0.0, "tot_rettifiche_maggiorazioni": 0}}
        firma_posweb_input =
       firma_posweb_output =
      firma_posweb_version =
               nazione_oss =
            data_creazione = 2022-02-23 10:15:54
             data_modifica = 2022-02-23 10:16:53

sqlite> sqlite> select * from movimentazioni where id_transazione = '184296';
            id_transazione = 184296
               cod_negozio = 0100029
               id_carrello = PW220100029000000743
          numero_documento = 95
     numero_documento_orig = 95
            data_documento = 20220223
             ora_documento = 111700
              codice_stato = CLOSED
          codice_movimento = VENDITA
             cod_mitt_dest = 290401
                 id_utente = cassiera
              cod_cassiera = U57767
               cod_vettore =
                 cod_cassa = 01
tipo_applicazione_apertura = B2EMOBILE
    id_postazione_apertura = 01
tipo_applicazione_chiusura = POSWEB
    id_postazione_chiusura = 01
                       sid = 0z8kfltr7r104j
                      nota =
                    divisa = EUR
          importo_iniziale = 368
            importo_finale = 368
            importo_pagato =
             esenzione_iva = 0
             cod_documento = SALE_TICKET
            dati_documenti = {"dati_documento": {"stato": "", "cod_fiscale": "", "cognome": "", "nome": "", "data_nascita": "", "stato_nascita": "", "comune_nascita": "", "lotteria": ""}, "flag_no_iva": 0, "flag_stampa_scontrino_cortesia": 0, "shipping_address": {"name": "", "surname": "", "address": "VIA MAZZINI, 30", "city": "Verona", "province": "VR", "county": "", "state": "", "zipcode": "37121", "country": "IT", "reference_name": "Maxima srl - 029", "contact_number": "045/595623", "consumer_info": {"surname": "PASQUALINI", "name": "LOREDANA", "reference_name": "LOREDANA PASQUALINI", "contact_number": "+393477207253", "contact_email": "LOREDANAPASQUALINI@YAHOO.IT"}}, "shipping_destination": "STORE", "source_type": "B2E", "numero_documento_stampato": "U002900095", "nome_contatore": "", "valore_contatore": 95}
   numero_stampa_documento = -- MANCANTE ---
     flag_stampa_documento = 0
           dati_aggiuntivi =
             dettaglio_iva = {"aliquote_d": {"22": {"capi": [{"id_transazione": 184296, "progressivo": 1, "cod_negozio": "0100029", "codice_stato": "CLOSED", "codice_movimento": "VENDITA", "cod_commessa": "U57767", "sku": "94810227060555", "ean": "", "rfid": "", "sku_gruppo": "", "flag_promo": 0, "flag_divisa": 0, "sku_created": 0, "sku_splitted": 0, "sku_read": "94810227060555", "nome": "GREENH", "classe": "48", "iva": 22, "flag_tassabile": 0, "composizione": "F:052WK048PL,F:100PL,T:[6P", "custom_data": "{\"annostag\":\"20221\",\"desc_taglia\":\"42\",\"desc_classe\":\"Imbottito corto\",\"data_consegna_sartoria\":\"\",\"variante\":\"055\",\"nota_lavorazioni\":\"\",\"stock_type\":\"OUT_STORE\"}", "nota": "", "prezzo_listino_vendita": 368, "sconto_listino_vendita": 0, "importo_iniziale": 368, "importo_custom": 0, "sconto": 0, "correzione_importo": 0, "importo_finale": 368, "tipo_importo": "V", "tipologia_merce": "GARMENTS", "reso": 0, "causale_reso": "", "data_creazione": "2022-02-23 10:16:53", "data_modifica": "2022-02-23 10:17:00", "dettaglio_mov": [], "prezzo_ricalcolato": 368.0, "imponibile": 301.64, "imposta": 66.36}], "movimenti": [], "num_capi_ricalcolo_vendita": 1, "num_capi_ricalcolo_storno": 0, "costi_contabili_alq": 0, "totale_alq": 368.0, "imponibile": 301.64, "imposta": 66.36}}, "totali_vendita": {"ven_coupon": 0, "ven_abbuono": 0, "ven_costi_extra": 0, "lordo_tessuto": 0, "lordo_capi": 368.0, "tot_costi_extra_detailed": 0, "vendita_sconto": 0, "tot_sartoria": 0, "tot_gift_card": 0, "tot_shopping_bags": 0, "tot_spedizioni": 0, "tot_netto": 368.0, "tot_lordo": 368.0, "tot_sconti_abbuoni": 0.0, "tot_rettifiche_maggiorazioni": 0}}
        firma_posweb_input =
       firma_posweb_output =
      firma_posweb_version =
               nazione_oss =
            data_creazione = 2022-02-23 10:17:00
             data_modifica = 2022-02-23 10:17:00
